d:\bizhi\config\document\贪食蛇1.0\贪食蛇1.0\debug\vc141.pdb
d:\bizhi\config\document\贪食蛇1.0\贪食蛇1.0\debug\vc141.idb
d:\bizhi\config\document\贪食蛇1.0\贪食蛇1.0\debug\function.obj
d:\bizhi\config\document\贪食蛇1.0\贪食蛇1.0\debug\main.obj
d:\kuai\snake\贪食蛇1.0\debug\vc141.pdb
d:\kuai\snake\贪食蛇1.0\debug\vc141.idb
d:\kuai\snake\贪食蛇1.0\debug\main.obj
d:\kuai\snake\贪食蛇1.0\debug\fun.obj
d:\bizhi\config\document\贪食蛇1.0\贪食蛇1.0\debug\resource.res
d:\kuai\snake\debug\贪食蛇1.0.pdb
d:\kuai\snake\贪食蛇1.0\debug\贪食蛇1.0.tlog\cl.command.1.tlog
d:\kuai\snake\贪食蛇1.0\debug\贪食蛇1.0.tlog\cl.read.1.tlog
d:\kuai\snake\贪食蛇1.0\debug\贪食蛇1.0.tlog\cl.write.1.tlog
d:\kuai\snake\贪食蛇1.0\debug\贪食蛇1.0.tlog\link-cvtres.read.1.tlog
d:\kuai\snake\贪食蛇1.0\debug\贪食蛇1.0.tlog\link-cvtres.write.1.tlog
d:\kuai\snake\贪食蛇1.0\debug\贪食蛇1.0.tlog\link-rc.read.1.tlog
d:\kuai\snake\贪食蛇1.0\debug\贪食蛇1.0.tlog\link-rc.write.1.tlog
d:\kuai\snake\贪食蛇1.0\debug\贪食蛇1.0.tlog\link.command.1.tlog
d:\kuai\snake\贪食蛇1.0\debug\贪食蛇1.0.tlog\link.read.1.tlog
d:\kuai\snake\贪食蛇1.0\debug\贪食蛇1.0.tlog\link.write.1.tlog
d:\kuai\snake\贪食蛇1.0\debug\贪食蛇1.0.tlog\rc.command.1.tlog
d:\kuai\snake\贪食蛇1.0\debug\贪食蛇1.0.tlog\rc.read.1.tlog
d:\kuai\snake\贪食蛇1.0\debug\贪食蛇1.0.tlog\rc.write.1.tlog
